<?xml version="1.0" encoding="UTF-8"?>
<testsuite name="ResistorColorTest" tests="4" skipped="0" failures="0" errors="0" timestamp="2020-05-13T15:15:22" hostname="LAPTOP-5DJTSRPC" time="0.015">
  <properties/>
  <testcase name="testWhiteColorCode" classname="ResistorColorTest" time="0.008"/>
  <testcase name="testColors" classname="ResistorColorTest" time="0.004"/>
  <testcase name="testBlackColorCode" classname="ResistorColorTest" time="0.0"/>
  <testcase name="testOrangeColorCode" classname="ResistorColorTest" time="0.0"/>
  <system-out><![CDATA[]]></system-out>
  <system-err><![CDATA[]]></system-err>
</testsuite>
