<?xml version="1.0" encoding="UTF-8"?>
<testsuite name="NaturalNumberTest" tests="13" skipped="0" failures="0" errors="0" timestamp="2020-05-14T05:08:45" hostname="LAPTOP-5DJTSRPC" time="0.458">
  <properties/>
  <testcase name="testThatNonNegativeIntegerIsRejected" classname="NaturalNumberTest" time="0.069"/>
  <testcase name="testSmallAbundantNumberIsClassifiedCorrectly" classname="NaturalNumberTest" time="0.001"/>
  <testcase name="testMediumAbundantNumberIsClassifiedCorrectly" classname="NaturalNumberTest" time="0.0"/>
  <testcase name="testLargeAbundantNumberIsClassifiedCorrectly" classname="NaturalNumberTest" time="0.14"/>
  <testcase name="testSmallestPrimeDeficientNumberIsClassifiedCorrectly" classname="NaturalNumberTest" time="0.0"/>
  <testcase name="testSmallestNonPrimeDeficientNumberIsClassifiedCorrectly" classname="NaturalNumberTest" time="0.001"/>
  <testcase name="testThatOneIsCorrectlyClassifiedAsDeficient" classname="NaturalNumberTest" time="0.0"/>
  <testcase name="testSmallPerfectNumberIsClassifiedCorrectly" classname="NaturalNumberTest" time="0.0"/>
  <testcase name="testThatNegativeIntegerIsRejected" classname="NaturalNumberTest" time="0.0"/>
  <testcase name="testLargePerfectNumberIsClassifiedCorrectly" classname="NaturalNumberTest" time="0.137"/>
  <testcase name="testLargeDeficientNumberIsClassifiedCorrectly" classname="NaturalNumberTest" time="0.109"/>
  <testcase name="testMediumDeficientNumberIsClassifiedCorrectly" classname="NaturalNumberTest" time="0.0"/>
  <testcase name="testMediumPerfectNumberIsClassifiedCorrectly" classname="NaturalNumberTest" time="0.0"/>
  <system-out><![CDATA[]]></system-out>
  <system-err><![CDATA[]]></system-err>
</testsuite>
